[debug] [2020-09-26T21:27:17.800Z] ----------------------------------------------------------------------
[debug] [2020-09-26T21:27:17.803Z] Command:       C:\Program Files\nodejs\node.exe C:\Users\Shazam\AppData\Roaming\npm\node_modules\firebase-tools\lib\bin\firebase.js emulators:start
[debug] [2020-09-26T21:27:17.803Z] CLI Version:   8.11.0
[debug] [2020-09-26T21:27:17.803Z] Platform:      win32
[debug] [2020-09-26T21:27:17.803Z] Node Version:  v12.16.2
[debug] [2020-09-26T21:27:17.807Z] Time:          Sun Sep 27 2020 02:57:17 GMT+0530 (India Standard Time)
[debug] [2020-09-26T21:27:17.807Z] ----------------------------------------------------------------------
[debug] [2020-09-26T21:27:17.808Z] 
[debug] [2020-09-26T21:27:17.820Z] > command requires scopes: ["email","openid","https://www.googleapis.com/auth/cloudplatformprojects.readonly","https://www.googleapis.com/auth/firebase","https://www.googleapis.com/auth/cloud-platform"]
[debug] [2020-09-26T21:27:17.821Z] > authorizing via signed-in user
[info] i  emulators: Starting emulators: functions, hosting {"metadata":{"emulator":{"name":"hub"},"message":"Starting emulators: functions, hosting"}}
[debug] [2020-09-26T21:27:19.866Z] [hub] writing locator at C:\Users\Shazam\AppData\Local\Temp\hub-clone-6f00f.json
[warn] !  functions: The following emulators are not running, calls to these services from the Functions emulator will affect production: auth, firestore, database, pubsub {"metadata":{"emulator":{"name":"functions"},"message":"The following emulators are not running, calls to these services from the Functions emulator will affect production: \u001b[1mauth, firestore, database, pubsub\u001b[22m"}}
[warn] !  Your requested "node" version "10" doesn't match your global version "12" {"metadata":{"emulator":{"name":"functions"},"message":"Your requested \"node\" version \"10\" doesn't match your global version \"12\""}}
[debug] [2020-09-26T21:27:22.035Z] defaultcredentials: writing to file C:\Users\Shazam\AppData\Roaming\firebase\sdkkumar9797_dk_gmail.com_application_default_credentials.json
[debug] [2020-09-26T21:27:22.046Z] Setting GAC to C:\Users\Shazam\AppData\Roaming\firebase\sdkkumar9797_dk_gmail.com_application_default_credentials.json {"metadata":{"emulator":{"name":"functions"},"message":"Setting GAC to C:\\Users\\Shazam\\AppData\\Roaming\\firebase\\sdkkumar9797_dk_gmail.com_application_default_credentials.json"}}
[debug] [2020-09-26T21:27:24.571Z] >>> HTTP REQUEST GET https://firebase.googleapis.com/v1beta1/projects/clone-6f00f/webApps/-/config  
 
[debug] [2020-09-26T21:27:25.883Z] <<< HTTP RESPONSE 200 {"content-type":"application/json; charset=UTF-8","vary":"X-Origin, Referer, Origin,Accept-Encoding","date":"Sat, 26 Sep 2020 21:27:26 GMT","server":"ESF","cache-control":"private","x-xss-protection":"0","x-frame-options":"SAMEORIGIN","x-content-type-options":"nosniff","alt-svc":"h3-Q050=\":443\"; ma=2592000,h3-29=\":443\"; ma=2592000,h3-27=\":443\"; ma=2592000,h3-T051=\":443\"; ma=2592000,h3-T050=\":443\"; ma=2592000,h3-Q046=\":443\"; ma=2592000,h3-Q043=\":443\"; ma=2592000,quic=\":443\"; ma=2592000; v=\"46,43\"","accept-ranges":"none","transfer-encoding":"chunked"}
[info] i  hosting: Serving hosting files from: build {"metadata":{"emulator":{"name":"hosting"},"message":"Serving hosting files from: \u001b[1mbuild\u001b[22m"}}
[info] +  hosting: Local server: http://localhost:5000 {"metadata":{"emulator":{"name":"hosting"},"message":"Local server: \u001b[4m\u001b[1mhttp://localhost:5000\u001b[22m\u001b[24m"}}
[debug] [2020-09-26T21:27:29.988Z] Ignoring unsupported arg: auto_download {"metadata":{"emulator":{"name":"ui"},"message":"Ignoring unsupported arg: auto_download"}}
[debug] [2020-09-26T21:27:29.988Z] Ignoring unsupported arg: port {"metadata":{"emulator":{"name":"ui"},"message":"Ignoring unsupported arg: port"}}
[debug] [2020-09-26T21:27:29.988Z] Starting Emulator UI with command {"binary":"node","args":["C:\\Users\\Shazam\\.cache\\firebase\\emulators\\ui-v1.1.1\\server.bundle.js"],"optionalArgs":[],"joinArgs":false} {"metadata":{"emulator":{"name":"ui"},"message":"Starting Emulator UI with command {\"binary\":\"node\",\"args\":[\"C:\\\\Users\\\\Shazam\\\\.cache\\\\firebase\\\\emulators\\\\ui-v1.1.1\\\\server.bundle.js\"],\"optionalArgs\":[],\"joinArgs\":false}"}}
[info] i  ui: Emulator UI logging to ui-debug.log {"metadata":{"emulator":{"name":"ui"},"message":"Emulator UI logging to \u001b[1mui-debug.log\u001b[22m"}}
[debug] [2020-09-26T21:27:30.332Z] Web / API server started at http://localhost:4000
 {"metadata":{"emulator":{"name":"ui"},"message":"Web / API server started at http://localhost:4000\n"}}
[info] i  functions: Watching "D:\NODE-CORE\React_16.8\Quazi_Sunny\React_5_Day_Challenge\amazon-clone\functions" for Cloud Functions... {"metadata":{"emulator":{"name":"functions"},"message":"Watching \"D:\\NODE-CORE\\React_16.8\\Quazi_Sunny\\React_5_Day_Challenge\\amazon-clone\\functions\" for Cloud Functions..."}}
[debug] [2020-09-26T21:27:30.530Z] [worker-pool] addWorker(~diagnostic~) {"metadata":{"emulator":{"name":"functions"},"message":"[worker-pool] addWorker(~diagnostic~)"}}
[debug] [2020-09-26T21:27:30.530Z] [worker-pool] Adding worker with key ~diagnostic~, total=1 {"metadata":{"emulator":{"name":"functions"},"message":"[worker-pool] Adding worker with key ~diagnostic~, total=1"}}
[debug] [2020-09-26T21:27:30.531Z] [worker-pool] submitWork(triggerId=) {"metadata":{"emulator":{"name":"functions"},"message":"[worker-pool] submitWork(triggerId=)"}}
[debug] [2020-09-26T21:27:30.531Z] [worker-~diagnostic~-d893d213-c6a7-4c81-bcc5-cfa758a14555]: Assigning socketPath: \\?\pipe\D:\NODE-CORE\React_16.8\Quazi_Sunny\React_5_Day_Challenge\amazon-clone\functions\13832 {"metadata":{"emulator":{"name":"functions"},"message":"[worker-~diagnostic~-d893d213-c6a7-4c81-bcc5-cfa758a14555]: Assigning socketPath: \\\\?\\pipe\\D:\\NODE-CORE\\React_16.8\\Quazi_Sunny\\React_5_Day_Challenge\\amazon-clone\\functions\\13832"}}
[debug] [2020-09-26T21:27:30.532Z] [worker-~diagnostic~-d893d213-c6a7-4c81-bcc5-cfa758a14555]: BUSY {"metadata":{"emulator":{"name":"functions"},"message":"[worker-~diagnostic~-d893d213-c6a7-4c81-bcc5-cfa758a14555]: BUSY"}}
